Determining if the pthread_create exist failed with the following output:
Change Dir: /home/yuhan/catkin_ws/src/beginner_tutorials/CMakeFiles/CMakeTmp

Run Build Command:/usr/bin/make "cmTryCompileExec3770502316/fast"
/usr/bin/make -f CMakeFiles/cmTryCompileExec3770502316.dir/build.make CMakeFiles/cmTryCompileExec3770502316.dir/build
make[1]: Entering directory `/home/yuhan/catkin_ws/src/beginner_tutorials/CMakeFiles/CMakeTmp'
/usr/bin/cmake -E cmake_progress_report /home/yuhan/catkin_ws/src/beginner_tutorials/CMakeFiles/CMakeTmp/CMakeFiles 1
Building C object CMakeFiles/cmTryCompileExec3770502316.dir/CheckSymbolExists.c.o
/usr/bin/cc    -o CMakeFiles/cmTryCompileExec3770502316.dir/CheckSymbolExists.c.o   -c /home/yuhan/catkin_ws/src/beginner_tutorials/CMakeFiles/CMakeTmp/CheckSymbolExists.c
Linking C executable cmTryCompileExec3770502316
/usr/bin/cmake -E cmake_link_script CMakeFiles/cmTryCompileExec3770502316.dir/link.txt --verbose=1
/usr/bin/cc       CMakeFiles/cmTryCompileExec3770502316.dir/CheckSymbolExists.c.o  -o cmTryCompileExec3770502316 -rdynamic 
CMakeFiles/cmTryCompileExec3770502316.dir/CheckSymbolExists.c.o: In function `main':
CheckSymbolExists.c:(.text+0x16): undefined reference to `pthread_create'
collect2: error: ld returned 1 exit status
make[1]: *** [cmTryCompileExec3770502316] Error 1
make[1]: Leaving directory `/home/yuhan/catkin_ws/src/beginner_tutorials/CMakeFiles/CMakeTmp'
make: *** [cmTryCompileExec3770502316/fast] Error 2

File /home/yuhan/catkin_ws/src/beginner_tutorials/CMakeFiles/CMakeTmp/CheckSymbolExists.c:
/* */
#include <pthread.h>

int main(int argc, char** argv)
{
  (void)argv;
#ifndef pthread_create
  return ((int*)(&pthread_create))[argc];
#else
  (void)argc;
  return 0;
#endif
}

Determining if the function pthread_create exists in the pthreads failed with the following output:
Change Dir: /home/yuhan/catkin_ws/src/beginner_tutorials/CMakeFiles/CMakeTmp

Run Build Command:/usr/bin/make "cmTryCompileExec4293760549/fast"
/usr/bin/make -f CMakeFiles/cmTryCompileExec4293760549.dir/build.make CMakeFiles/cmTryCompileExec4293760549.dir/build
make[1]: Entering directory `/home/yuhan/catkin_ws/src/beginner_tutorials/CMakeFiles/CMakeTmp'
/usr/bin/cmake -E cmake_progress_report /home/yuhan/catkin_ws/src/beginner_tutorials/CMakeFiles/CMakeTmp/CMakeFiles 1
Building C object CMakeFiles/cmTryCompileExec4293760549.dir/CheckFunctionExists.c.o
/usr/bin/cc   -DCHECK_FUNCTION_EXISTS=pthread_create   -o CMakeFiles/cmTryCompileExec4293760549.dir/CheckFunctionExists.c.o   -c /usr/share/cmake-2.8/Modules/CheckFunctionExists.c
Linking C executable cmTryCompileExec4293760549
/usr/bin/cmake -E cmake_link_script CMakeFiles/cmTryCompileExec4293760549.dir/link.txt --verbose=1
/usr/bin/cc   -DCHECK_FUNCTION_EXISTS=pthread_create    CMakeFiles/cmTryCompileExec4293760549.dir/CheckFunctionExists.c.o  -o cmTryCompileExec4293760549 -rdynamic -lpthreads 
/usr/bin/ld: cannot find -lpthreads
collect2: error: ld returned 1 exit status
make[1]: *** [cmTryCompileExec4293760549] Error 1
make[1]: Leaving directory `/home/yuhan/catkin_ws/src/beginner_tutorials/CMakeFiles/CMakeTmp'
make: *** [cmTryCompileExec4293760549/fast] Error 2


